# JRE version: OpenJDK Runtime Environment Temurin-21.0.5+11 (21.0.5+11) (build 21.0.5+11-LTS)
# Java VM: OpenJDK 64-Bit Server VM Temurin-21.0.5+11 (21.0.5+11-LTS, mixed mode, sharing, tiered, compressed oops, compressed class ptrs, g1 gc, windows-amd64)
GC Precious Log:
 CardTable entry size: 512
 Card Set container configuration: InlinePtr #cards 4 size 8 Array Of Cards #cards 32 size 80 Howl #buckets 8 coarsen threshold 7372 Howl Bitmap #cards 1024 size 144 coarsen threshold 921 Card regions per heap region 1 cards per card region 8192
 CPUs: 16 total, 16 available
 Memory: 7876M
 Large Page Support: Disabled
 NUMA Support: Disabled
 Compressed Oops: Enabled (Zero based)
 Heap Region Size: 4M
 Heap Min Capacity: 812M
 Heap Initial Capacity: 812M
 Heap Max Capacity: 6G
 Pre-touch: Disabled
 Parallel Workers: 4
 Concurrent Workers: 1
 Concurrent Refinement Workers: 4
 Periodic GC: Disabled
 String Deduplication is enabled
Heap:
 garbage-first heap   total 831488K, used 119991K [0x0000000680000000, 0x0000000800000000)
  region size 4096K, 19 young (77824K), 3 survivors (12288K)
 Metaspace       used 58834K, committed 59328K, reserved 1114112K
  class space    used 7637K, committed 7872K, reserved 1048576K
GC Heap History (10 events):
Event: 1.624 GC heap before
{Heap before GC invocations=0 (full 0):
 garbage-first heap   total 831488K, used 81920K [0x0000000680000000, 0x0000000800000000)
  region size 4096K, 20 young (81920K), 0 survivors (0K)
 Metaspace       used 16515K, committed 16768K, reserved 1114112K
  class space    used 1485K, committed 1600K, reserved 1048576K
}
Event: 1.633 GC heap after
{Heap after GC invocations=1 (full 0):
 garbage-first heap   total 831488K, used 19776K [0x0000000680000000, 0x0000000800000000)
  region size 4096K, 3 young (12288K), 3 survivors (12288K)
 Metaspace       used 16515K, committed 16768K, reserved 1114112K
  class space    used 1485K, committed 1600K, reserved 1048576K
}
Event: 2.345 GC heap before
{Heap before GC invocations=1 (full 0):
 garbage-first heap   total 831488K, used 60736K [0x0000000680000000, 0x0000000800000000)
  region size 4096K, 14 young (57344K), 3 survivors (12288K)
 Metaspace       used 21344K, committed 21504K, reserved 1114112K
  class space    used 2145K, committed 2240K, reserved 1048576K
}
Event: 2.352 GC heap after
{Heap after GC invocations=2 (full 0):
 garbage-first heap   total 831488K, used 24148K [0x0000000680000000, 0x0000000800000000)
  region size 4096K, 1 young (4096K), 1 survivors (4096K)
 Metaspace       used 21344K, committed 21504K, reserved 1114112K
  class space    used 2145K, committed 2240K, reserved 1048576K
}
Event: 4.020 GC heap before
{Heap before GC invocations=3 (full 0):
 garbage-first heap   total 831488K, used 114260K [0x0000000680000000, 0x0000000800000000)
  region size 4096K, 13 young (53248K), 1 survivors (4096K)
 Metaspace       used 35959K, committed 36288K, reserved 1114112K
  class space    used 4103K, committed 4288K, reserved 1048576K
}
Event: 4.025 GC heap after
{Heap after GC invocations=4 (full 0):
 garbage-first heap   total 831488K, used 43295K [0x0000000680000000, 0x0000000800000000)
  region size 4096K, 3 young (12288K), 3 survivors (12288K)
 Metaspace       used 35959K, committed 36288K, reserved 1114112K
  class space    used 4103K, committed 4288K, reserved 1048576K
}
Event: 6.519 GC heap before
{Heap before GC invocations=5 (full 0):
 garbage-first heap   total 831488K, used 112927K [0x0000000680000000, 0x0000000800000000)
  region size 4096K, 20 young (81920K), 3 survivors (12288K)
 Metaspace       used 45185K, committed 45568K, reserved 1114112K
  class space    used 5478K, committed 5632K, reserved 1048576K
}
Event: 6.528 GC heap after
{Heap after GC invocations=6 (full 0):
 garbage-first heap   total 831488K, used 51248K [0x0000000680000000, 0x0000000800000000)
  region size 4096K, 3 young (12288K), 3 survivors (12288K)
 Metaspace       used 45185K, committed 45568K, reserved 1114112K
  class space    used 5478K, committed 5632K, reserved 1048576K
}
Event: 8.302 GC heap before
{Heap before GC invocations=6 (full 0):
 garbage-first heap   total 831488K, used 120880K [0x0000000680000000, 0x0000000800000000)
  region size 4096K, 20 young (81920K), 3 survivors (12288K)
 Metaspace       used 50279K, committed 50688K, reserved 1114112K
  class space    used 6283K, committed 6464K, reserved 1048576K
}
Event: 8.318 GC heap after
{Heap after GC invocations=7 (full 0):
 garbage-first heap   total 831488K, used 54455K [0x0000000680000000, 0x0000000800000000)
  region size 4096K, 3 young (12288K), 3 survivors (12288K)
 Metaspace       used 50279K, committed 50688K, reserved 1114112K
  class space    used 6283K, committed 6464K, reserved 1048576K
}

